<?xml version="1.0" encoding="UTF-8"?>
<!-- Generated by org.testng.reporters.JUnitReportReporter -->
<testsuite hostname="LAPTOP-E06RK7S2" failures="0" tests="1" name="com.DotDashcom.testCases.JavaScriptAlertTest" time="0.741" errors="0" timestamp="2022-10-21T01:51:14 EDT" skipped="0">
  <testcase classname="com.DotDashcom.testCases.JavaScriptAlertTest" name="alerts" time="0.741"/>
  <system-out/>
</testsuite> <!-- com.DotDashcom.testCases.JavaScriptAlertTest -->
