<?xml version="1.0" encoding="UTF-8"?>
<!-- Generated by org.testng.reporters.JUnitReportReporter -->
<testsuite hostname="LAPTOP-E06RK7S2" failures="0" tests="2" name="com.DotDashcom.testCases.CheckBoxesTest" time="0.462" errors="0" timestamp="2022-10-21T01:51:14 EDT" skipped="0">
  <testcase classname="com.DotDashcom.testCases.CheckBoxesTest" name="checks_test" time="0.280"/>
  <system-out/>
  <testcase classname="com.DotDashcom.testCases.CheckBoxesTest" name="unchecks_test" time="0.182"/>
  <system-out/>
</testsuite> <!-- com.DotDashcom.testCases.CheckBoxesTest -->
