<?xml version="1.0" encoding="UTF-8"?>
<!-- Generated by org.testng.reporters.JUnitReportReporter -->
<testsuite hostname="LAPTOP-E06RK7S2" failures="0" tests="1" name="com.DotDashcom.testCases.DragandDrop" time="0.644" errors="0" timestamp="2022-10-19T23:24:14 EDT" skipped="0">
  <testcase classname="com.DotDashcom.testCases.DragandDrop" name="drag_drop" time="0.644"/>
  <system-out/>
</testsuite> <!-- com.DotDashcom.testCases.DragandDrop -->
