<?xml version="1.0" encoding="UTF-8"?>
<!-- Generated by org.testng.reporters.JUnitReportReporter -->
<testsuite hostname="LAPTOP-E06RK7S2" failures="0" tests="1" name="com.DotDashcom.testCases.NewWindowTest" time="0.363" errors="0" timestamp="2022-10-21T01:51:14 EDT" skipped="0">
  <testcase classname="com.DotDashcom.testCases.NewWindowTest" name="newwindow" time="0.363"/>
  <system-out/>
</testsuite> <!-- com.DotDashcom.testCases.NewWindowTest -->
