<?xml version="1.0" encoding="UTF-8"?>
<!-- Generated by org.testng.reporters.JUnitReportReporter -->
<testsuite hostname="LAPTOP-E06RK7S2" failures="0" tests="2" name="com.DotDashcom.testCases.BaseClass" time="8.096" errors="0" timestamp="2022-10-19T14:40:04 EDT" skipped="0">
  <testcase classname="com.DotDashcom.testCases.BaseClass" name="tearDown" time="0.010"/>
  <system-out/>
  <testcase classname="com.DotDashcom.testCases.BaseClass" name="setup" time="8.086"/>
  <system-out/>
</testsuite> <!-- com.DotDashcom.testCases.BaseClass -->
