<?xml version="1.0" encoding="UTF-8"?>
<!-- Generated by org.testng.reporters.JUnitReportReporter -->
<testsuite hostname="LAPTOP-E06RK7S2" failures="0" tests="1" name="com.DotDashcom.testCases.MouseHoverTest" time="0.930" errors="0" timestamp="2022-10-21T01:51:14 EDT" skipped="0">
  <testcase classname="com.DotDashcom.testCases.MouseHoverTest" name="hover" time="0.930"/>
  <system-out/>
</testsuite> <!-- com.DotDashcom.testCases.MouseHoverTest -->
