<?xml version="1.0" encoding="UTF-8"?>
<!-- Generated by org.testng.reporters.JUnitReportReporter -->
<testsuite hostname="LAPTOP-E06RK7S2" failures="0" tests="2" name="com.DotDashcom.testCases.NotificationMessageTest" time="1.604" errors="0" timestamp="2022-10-21T01:51:14 EDT" skipped="0">
  <testcase classname="com.DotDashcom.testCases.NotificationMessageTest" name="unsuccessnotificationmsg" time="1.021"/>
  <system-out/>
  <testcase classname="com.DotDashcom.testCases.NotificationMessageTest" name="successnotificationmsg" time="0.583"/>
  <system-out/>
</testsuite> <!-- com.DotDashcom.testCases.NotificationMessageTest -->
