<?xml version="1.0" encoding="UTF-8"?>
<!-- Generated by org.testng.reporters.JUnitReportReporter -->
<testsuite hostname="LAPTOP-E06RK7S2" failures="0" tests="2" name="com.DotDashcom.testCases.DynamicControlsTest" time="13.508" errors="0" timestamp="2022-10-21T01:51:14 EDT" skipped="0">
  <testcase classname="com.DotDashcom.testCases.DynamicControlsTest" name="dynamic_checkbox" time="6.918"/>
  <system-out/>
  <testcase classname="com.DotDashcom.testCases.DynamicControlsTest" name="dynamic_textbox" time="6.590"/>
  <system-out/>
</testsuite> <!-- com.DotDashcom.testCases.DynamicControlsTest -->
