<?xml version="1.0" encoding="UTF-8"?>
<!-- Generated by org.testng.reporters.JUnitReportReporter -->
<testsuite hostname="LAPTOP-E06RK7S2" failures="0" tests="2" name="com.DotDashcom.testCases.CheckBoxes" time="0.542" errors="0" timestamp="2022-10-19T23:24:14 EDT" skipped="0">
  <testcase classname="com.DotDashcom.testCases.CheckBoxes" name="checks_test" time="0.293"/>
  <system-out/>
  <testcase classname="com.DotDashcom.testCases.CheckBoxes" name="unchecks_test" time="0.249"/>
  <system-out/>
</testsuite> <!-- com.DotDashcom.testCases.CheckBoxes -->
