<?xml version="1.0" encoding="UTF-8"?>
<!-- Generated by org.testng.reporters.JUnitReportReporter -->
<testsuite hostname="LAPTOP-E06RK7S2" failures="0" tests="1" name="com.DotDashcom.testCases.FileUpload" time="0.875" errors="0" timestamp="2022-10-20T11:13:46 EDT" skipped="0">
  <testcase classname="com.DotDashcom.testCases.FileUpload" name="Upload" time="0.875"/>
  <system-out/>
</testsuite> <!-- com.DotDashcom.testCases.FileUpload -->
