<?xml version="1.0" encoding="UTF-8"?>
<!-- Generated by org.testng.reporters.JUnitReportReporter -->
<testsuite hostname="LAPTOP-E06RK7S2" failures="0" tests="1" name="com.DotDashcom.testCases.DragandDropTest" time="0.652" errors="0" timestamp="2022-10-21T01:51:14 EDT" skipped="0">
  <testcase classname="com.DotDashcom.testCases.DragandDropTest" name="drag_drop" time="0.652"/>
  <system-out/>
</testsuite> <!-- com.DotDashcom.testCases.DragandDropTest -->
