<?xml version="1.0" encoding="UTF-8"?>
<!-- Generated by org.testng.reporters.JUnitReportReporter -->
<testsuite hostname="LAPTOP-E06RK7S2" failures="0" tests="1" name="com.DotDashcom.testCases.FloatingMenuTest" time="0.515" errors="0" timestamp="2022-10-21T01:51:14 EDT" skipped="0">
  <testcase classname="com.DotDashcom.testCases.FloatingMenuTest" name="floatingmenu" time="0.515"/>
  <system-out/>
</testsuite> <!-- com.DotDashcom.testCases.FloatingMenuTest -->
