<?xml version="1.0" encoding="UTF-8"?>
<!-- Generated by org.testng.reporters.JUnitReportReporter -->
<testsuite hostname="LAPTOP-E06RK7S2" failures="0" tests="1" name="com.DotDashcom.testCases.FileDownload" time="0.673" errors="0" timestamp="2022-10-20T10:53:00 EDT" skipped="0">
  <testcase classname="com.DotDashcom.testCases.FileDownload" name="download" time="0.673"/>
  <system-out/>
</testsuite> <!-- com.DotDashcom.testCases.FileDownload -->
